d:\t163-term6\hooman-engine\gameengine-finalproject-negarsaeidi-neginsaeidi\gameengine-finalproject\gameenginedevelopment2_assignment1\gameenginedevelopment2_assignment1\x64\debug\vc143.pdb
d:\t163-term6\hooman-engine\gameengine-finalproject-negarsaeidi-neginsaeidi\gameengine-finalproject\gameenginedevelopment2_assignment1\gameenginedevelopment2_assignment1\x64\debug\vc143.idb
d:\t163-term6\hooman-engine\gameengine-finalproject-negarsaeidi-neginsaeidi\gameengine-finalproject\gameenginedevelopment2_assignment1\gameenginedevelopment2_assignment1\x64\debug\main.obj
d:\t163-term6\hooman-engine\gameengine-finalproject-negarsaeidi-neginsaeidi\gameengine-finalproject\gameenginedevelopment2_assignment1\gameenginedevelopment2_assignment1\x64\debug\spritenode.obj
d:\t163-term6\hooman-engine\gameengine-finalproject-negarsaeidi-neginsaeidi\gameengine-finalproject\gameenginedevelopment2_assignment1\gameenginedevelopment2_assignment1\x64\debug\scenenode.obj
d:\t163-term6\hooman-engine\gameengine-finalproject-negarsaeidi-neginsaeidi\gameengine-finalproject\gameenginedevelopment2_assignment1\gameenginedevelopment2_assignment1\x64\debug\player.obj
d:\t163-term6\hooman-engine\gameengine-finalproject-negarsaeidi-neginsaeidi\gameengine-finalproject\gameenginedevelopment2_assignment1\gameenginedevelopment2_assignment1\x64\debug\pausestate.obj
d:\t163-term6\hooman-engine\gameengine-finalproject-negarsaeidi-neginsaeidi\gameengine-finalproject\gameenginedevelopment2_assignment1\gameenginedevelopment2_assignment1\x64\debug\menustate.obj
d:\t163-term6\hooman-engine\gameengine-finalproject-negarsaeidi-neginsaeidi\gameengine-finalproject\gameenginedevelopment2_assignment1\gameenginedevelopment2_assignment1\x64\debug\gamestate.obj
d:\t163-term6\hooman-engine\gameengine-finalproject-negarsaeidi-neginsaeidi\gameengine-finalproject\gameenginedevelopment2_assignment1\gameenginedevelopment2_assignment1\x64\debug\game.obj
d:\t163-term6\hooman-engine\gameengine-finalproject-negarsaeidi-neginsaeidi\gameengine-finalproject\gameenginedevelopment2_assignment1\gameenginedevelopment2_assignment1\x64\debug\frameresource.obj
d:\t163-term6\hooman-engine\gameengine-finalproject-negarsaeidi-neginsaeidi\gameengine-finalproject\gameenginedevelopment2_assignment1\gameenginedevelopment2_assignment1\x64\debug\entity.obj
d:\t163-term6\hooman-engine\gameengine-finalproject-negarsaeidi-neginsaeidi\gameengine-finalproject\gameenginedevelopment2_assignment1\gameenginedevelopment2_assignment1\x64\debug\commandqueue.obj
d:\t163-term6\hooman-engine\gameengine-finalproject-negarsaeidi-neginsaeidi\gameengine-finalproject\gameenginedevelopment2_assignment1\gameenginedevelopment2_assignment1\x64\debug\command.obj
d:\t163-term6\hooman-engine\gameengine-finalproject-negarsaeidi-neginsaeidi\gameengine-finalproject\gameenginedevelopment2_assignment1\gameenginedevelopment2_assignment1\x64\debug\aircraft.obj
d:\t163-term6\hooman-engine\gameengine-finalproject-negarsaeidi-neginsaeidi\gameengine-finalproject\gameenginedevelopment2_assignment1\gameenginedevelopment2_assignment1\x64\debug\mathhelper.obj
d:\t163-term6\hooman-engine\gameengine-finalproject-negarsaeidi-neginsaeidi\gameengine-finalproject\gameenginedevelopment2_assignment1\gameenginedevelopment2_assignment1\x64\debug\geometrygenerator.obj
d:\t163-term6\hooman-engine\gameengine-finalproject-negarsaeidi-neginsaeidi\gameengine-finalproject\gameenginedevelopment2_assignment1\gameenginedevelopment2_assignment1\x64\debug\gametimer.obj
d:\t163-term6\hooman-engine\gameengine-finalproject-negarsaeidi-neginsaeidi\gameengine-finalproject\gameenginedevelopment2_assignment1\gameenginedevelopment2_assignment1\x64\debug\ddstextureloader.obj
d:\t163-term6\hooman-engine\gameengine-finalproject-negarsaeidi-neginsaeidi\gameengine-finalproject\gameenginedevelopment2_assignment1\gameenginedevelopment2_assignment1\x64\debug\d3dutil.obj
d:\t163-term6\hooman-engine\gameengine-finalproject-negarsaeidi-neginsaeidi\gameengine-finalproject\gameenginedevelopment2_assignment1\gameenginedevelopment2_assignment1\x64\debug\d3dapp.obj
d:\t163-term6\hooman-engine\gameengine-finalproject-negarsaeidi-neginsaeidi\gameengine-finalproject\gameenginedevelopment2_assignment1\gameenginedevelopment2_assignment1\x64\debug\camera.obj
d:\t163-term6\hooman-engine\gameengine-finalproject-negarsaeidi-neginsaeidi\gameengine-finalproject\gameenginedevelopment2_assignment1\gameenginedevelopment2_assignment1\x64\debug\world.obj
d:\t163-term6\hooman-engine\gameengine-finalproject-negarsaeidi-neginsaeidi\gameengine-finalproject\gameenginedevelopment2_assignment1\gameenginedevelopment2_assignment1\x64\debug\titlestate.obj
d:\t163-term6\hooman-engine\gameengine-finalproject-negarsaeidi-neginsaeidi\gameengine-finalproject\gameenginedevelopment2_assignment1\gameenginedevelopment2_assignment1\x64\debug\statestack.obj
d:\t163-term6\hooman-engine\gameengine-finalproject-negarsaeidi-neginsaeidi\gameengine-finalproject\gameenginedevelopment2_assignment1\gameenginedevelopment2_assignment1\x64\debug\state.obj
d:\t163-term6\hooman-engine\gameengine-finalproject-negarsaeidi-neginsaeidi\gameengine-finalproject\gameenginedevelopment2_assignment1\gameenginedevelopment2_assignment1\x64\debug\vc142.idb
d:\t163-term6\hooman-engine\gameengine-finalproject-negarsaeidi-neginsaeidi\gameengine-finalproject\gameenginedevelopment2_assignment1\gameenginedevelopment2_assignment1\x64\debug\vc142.pdb
d:\t163-term6\hooman-engine\gameengine-finalproject-negarsaeidi-neginsaeidi\gameengine-finalproject\gameenginedevelopment2_assignment1\x64\debug\gameenginedevelopment2_assignment1.pdb
d:\t163-term6\hooman-engine\gameengine-finalproject-negarsaeidi-neginsaeidi\gameengine-finalproject\gameenginedevelopment2_assignment1\gameenginedevelopment2_assignment1\x64\debug\gameengi.e03c13b5.tlog\cl.command.1.tlog
d:\t163-term6\hooman-engine\gameengine-finalproject-negarsaeidi-neginsaeidi\gameengine-finalproject\gameenginedevelopment2_assignment1\gameenginedevelopment2_assignment1\x64\debug\gameengi.e03c13b5.tlog\cl.read.1.tlog
d:\t163-term6\hooman-engine\gameengine-finalproject-negarsaeidi-neginsaeidi\gameengine-finalproject\gameenginedevelopment2_assignment1\gameenginedevelopment2_assignment1\x64\debug\gameengi.e03c13b5.tlog\cl.write.1.tlog
d:\t163-term6\hooman-engine\gameengine-finalproject-negarsaeidi-neginsaeidi\gameengine-finalproject\gameenginedevelopment2_assignment1\gameenginedevelopment2_assignment1\x64\debug\gameengi.e03c13b5.tlog\link.command.1.tlog
d:\t163-term6\hooman-engine\gameengine-finalproject-negarsaeidi-neginsaeidi\gameengine-finalproject\gameenginedevelopment2_assignment1\gameenginedevelopment2_assignment1\x64\debug\gameengi.e03c13b5.tlog\link.read.1.tlog
d:\t163-term6\hooman-engine\gameengine-finalproject-negarsaeidi-neginsaeidi\gameengine-finalproject\gameenginedevelopment2_assignment1\gameenginedevelopment2_assignment1\x64\debug\gameengi.e03c13b5.tlog\link.write.1.tlog
